This is pdfTeX, Version 3.1415926-2.5-1.40.14 (MiKTeX 2.9 64-bit) (preloaded format=pdflatex 2015.1.7)  3 MAY 2015 00:22
entering extended mode
**briggsfallgrenrush.tex

(C:\Users\firefokz\home\Documents\grad_school\classes\advanced_data_mining\data
project\research_paper\briggsfallgrenrush.tex
LaTeX2e <2011/06/27>
Babel <v3.8m> and hyphenation patterns for english, afrikaans, ancientgreek, ar
abic, armenian, assamese, basque, bengali, bokmal, bulgarian, catalan, coptic, 
croatian, czech, danish, dutch, esperanto, estonian, farsi, finnish, french, ga
lician, german, german-x-2013-05-26, greek, gujarati, hindi, hungarian, iceland
ic, indonesian, interlingua, irish, italian, kannada, kurmanji, latin, latvian,
 lithuanian, malayalam, marathi, mongolian, mongolianlmc, monogreek, ngerman, n
german-x-2013-05-26, nynorsk, oriya, panjabi, pinyin, polish, portuguese, roman
ian, russian, sanskrit, serbian, slovak, slovenian, spanish, swedish, swissgerm
an, tamil, telugu, turkish, turkmen, ukenglish, ukrainian, uppersorbian, usengl
ishmax, welsh, loaded.

(C:\Users\firefokz\home\Documents\grad_school\classes\advanced_data_mining\data
project\research_paper\sig-alternate.cls
("C:\Program Files\MiKTeX 2.9\tex\latex\graphics\epsfig.sty"
Package: epsfig 1999/02/16 v1.7a (e)psfig emulation (SPQR)

("C:\Program Files\MiKTeX 2.9\tex\latex\graphics\graphicx.sty"
Package: graphicx 1999/02/16 v1.0f Enhanced LaTeX Graphics (DPC,SPQR)

("C:\Program Files\MiKTeX 2.9\tex\latex\graphics\keyval.sty"
Package: keyval 1999/03/16 v1.13 key=value parser (DPC)
\KV@toks@=\toks14
)
("C:\Program Files\MiKTeX 2.9\tex\latex\graphics\graphics.sty"
Package: graphics 2009/02/05 v1.0o Standard LaTeX Graphics (DPC,SPQR)

("C:\Program Files\MiKTeX 2.9\tex\latex\graphics\trig.sty"
Package: trig 1999/03/16 v1.09 sin cos tan (DPC)
)
("C:\Program Files\MiKTeX 2.9\tex\latex\00miktex\graphics.cfg"
File: graphics.cfg 2007/01/18 v1.5 graphics configuration of teTeX/TeXLive
)
Package graphics Info: Driver file: pdftex.def on input line 91.

("C:\Program Files\MiKTeX 2.9\tex\latex\pdftex-def\pdftex.def"
File: pdftex.def 2011/05/27 v0.06d Graphics/color for pdfTeX

("C:\Program Files\MiKTeX 2.9\tex\generic\oberdiek\infwarerr.sty"
Package: infwarerr 2010/04/08 v1.3 Providing info/warning/error messages (HO)
)
("C:\Program Files\MiKTeX 2.9\tex\generic\oberdiek\ltxcmds.sty"
Package: ltxcmds 2011/11/09 v1.22 LaTeX kernel commands for general use (HO)
)
\Gread@gobject=\count79
))
\Gin@req@height=\dimen102
\Gin@req@width=\dimen103
)
\epsfxsize=\dimen104
\epsfysize=\dimen105
)
("C:\Program Files\MiKTeX 2.9\tex\latex\amsfonts\amssymb.sty"
Package: amssymb 2013/01/14 v3.01 AMS font symbols

("C:\Program Files\MiKTeX 2.9\tex\latex\amsfonts\amsfonts.sty"
Package: amsfonts 2013/01/14 v3.01 Basic AMSFonts support
\@emptytoks=\toks15
\symAMSa=\mathgroup4
\symAMSb=\mathgroup5
LaTeX Font Info:    Overwriting math alphabet `\mathfrak' in version `bold'
(Font)                  U/euf/m/n --> U/euf/b/n on input line 106.
))
("C:\Program Files\MiKTeX 2.9\tex\latex\amsmath\amsmath.sty"
Package: amsmath 2013/01/14 v2.14 AMS math features
\@mathmargin=\skip41

For additional information on amsmath, use the `?' option.
("C:\Program Files\MiKTeX 2.9\tex\latex\amsmath\amstext.sty"
Package: amstext 2000/06/29 v2.01

("C:\Program Files\MiKTeX 2.9\tex\latex\amsmath\amsgen.sty"
File: amsgen.sty 1999/11/30 v2.0
\@emptytoks=\toks16
\ex@=\dimen106
))
("C:\Program Files\MiKTeX 2.9\tex\latex\amsmath\amsbsy.sty"
Package: amsbsy 1999/11/29 v1.2d
\pmbraise@=\dimen107
)
("C:\Program Files\MiKTeX 2.9\tex\latex\amsmath\amsopn.sty"
Package: amsopn 1999/12/14 v2.01 operator names
)
\inf@bad=\count80
LaTeX Info: Redefining \frac on input line 210.
\uproot@=\count81
\leftroot@=\count82
LaTeX Info: Redefining \overline on input line 306.
\classnum@=\count83
\DOTSCASE@=\count84
LaTeX Info: Redefining \ldots on input line 378.
LaTeX Info: Redefining \dots on input line 381.
LaTeX Info: Redefining \cdots on input line 466.
\Mathstrutbox@=\box26
\strutbox@=\box27
\big@size=\dimen108
LaTeX Font Info:    Redeclaring font encoding OML on input line 566.
LaTeX Font Info:    Redeclaring font encoding OMS on input line 567.
\macc@depth=\count85
\c@MaxMatrixCols=\count86
\dotsspace@=\muskip10
\c@parentequation=\count87
\dspbrk@lvl=\count88
\tag@help=\toks17
\row@=\count89
\column@=\count90
\maxfields@=\count91
\andhelp@=\toks18
\eqnshift@=\dimen109
\alignsep@=\dimen110
\tagshift@=\dimen111
\tagwidth@=\dimen112
\totwidth@=\dimen113
\lineht@=\dimen114
\@envbody=\toks19
\multlinegap=\skip42
\multlinetaggap=\skip43
\mathdisplay@stack=\toks20
LaTeX Info: Redefining \[ on input line 2665.
LaTeX Info: Redefining \] on input line 2666.
)
Document Class 'sig-alternate' <23rd. May '12>. Modified by G.K.M. Tobin/Gerry 
Murray
Based in part upon document Style `acmconf' <22 May 89>. Hacked 4/91 by
shivers@cs.cmu.edu, 4/93 by theobald@cs.mcgill.ca
Excerpts were taken from (Journal Style) 'esub2acm.cls'.
****** Bugs/comments/suggestions/technicalities to Gerry Murray -- murray@hq.ac
m.org ******
Questions on the style, SIGS policies, etc. to Adrienne Griscti griscti@acm.org

\footheight=\dimen115
\@maxsep=\dimen116
\@dblmaxsep=\dimen117
\aucount=\count92
\originalaucount=\count93
\auwidth=\dimen118
\auskip=\dimen119
\auskipcount=\count94
\auskip=\dimen120
\allauboxes=\dimen121
\addauthors=\toks21
\addauflag=\count95
\subtitletext=\toks22
\savesection=\count96
\sectioncntr=\count97
\c@figure=\count98
\c@table=\count99
\titleboxnotes=\toks23
\titleboxnoteflag=\count100
Document Class: sig-alternate 2012/05/23 - V2.5 - based on acmproc.cls V1.3 <No
v. 30 '99>
("C:\Program Files\MiKTeX 2.9\tex\latex\base\latexsym.sty"
Package: latexsym 1998/08/17 v2.2e Standard LaTeX package (lasy symbols)
\symlasy=\mathgroup6
LaTeX Font Info:    Overwriting symbol font `lasy' in version `bold'
(Font)                  U/lasy/m/n --> U/lasy/b/n on input line 47.
)
\@acmtitlebox=\box28
\titlenotecount=\count101
\tntoks=\toks24
\tntokstwo=\toks25
\tntoksthree=\toks26
\tntoksfour=\toks27
\tntoksfive=\toks28
\catcount=\count102
\copyrightnotice=\toks29
\conf=\toks30
\confinfo=\toks31
\c@part=\count103
\c@section=\count104
\c@subsection=\count105
\c@subsubsection=\count106
\c@paragraph=\count107

Using 'Abbrev' bibliography style
LaTeX Info: Redefining \cite on input line 1211.
\bibindent=\dimen122
\colcntr=\count108
\saveb@x=\box29
\copyrtyr=\toks32
\acmcopyr=\toks33
\boilerplate=\toks34
\copyrightetc=\toks35
("C:\Program Files\MiKTeX 2.9\tex\latex\base\fontenc.sty"
Package: fontenc 2005/09/27 v1.99g Standard LaTeX package

("C:\Program Files\MiKTeX 2.9\tex\latex\base\t1enc.def"
File: t1enc.def 2005/09/27 v1.99g Standard LaTeX file
LaTeX Font Info:    Redeclaring font encoding T1 on input line 43.
)
LaTeX Font Info:    Try loading font information for T1+aer on input line 100.

("C:\Program Files\MiKTeX 2.9\tex\latex\ae\t1aer.fd"
File: t1aer.fd 1997/11/16 Font definitions for T1/aer.
)))
("C:\Program Files\MiKTeX 2.9\tex\latex\xcolor\xcolor.sty"
Package: xcolor 2007/01/21 v2.11 LaTeX color extensions (UK)

("C:\Program Files\MiKTeX 2.9\tex\latex\00miktex\color.cfg"
File: color.cfg 2007/01/18 v1.5 color configuration of teTeX/TeXLive
)
Package xcolor Info: Driver file: pdftex.def on input line 225.

("C:\Program Files\MiKTeX 2.9\tex\latex\colortbl\colortbl.sty"
Package: colortbl 2012/02/13 v1.0a Color table columns (DPC)

("C:\Program Files\MiKTeX 2.9\tex\latex\tools\array.sty"
Package: array 2008/09/09 v2.4c Tabular extension package (FMi)
\col@sep=\dimen123
\extrarowheight=\dimen124
\NC@list=\toks36
\extratabsurround=\skip44
\backup@length=\skip45
)
\everycr=\toks37
\minrowclearance=\skip46
)
\rownum=\count109
Package xcolor Info: Model `cmy' substituted by `cmy0' on input line 1337.
Package xcolor Info: Model `hsb' substituted by `rgb' on input line 1341.
Package xcolor Info: Model `RGB' extended on input line 1353.
Package xcolor Info: Model `HTML' substituted by `rgb' on input line 1355.
Package xcolor Info: Model `Hsb' substituted by `hsb' on input line 1356.
Package xcolor Info: Model `tHsb' substituted by `hsb' on input line 1357.
Package xcolor Info: Model `HSB' substituted by `hsb' on input line 1358.
Package xcolor Info: Model `Gray' substituted by `gray' on input line 1359.
Package xcolor Info: Model `wave' substituted by `hsb' on input line 1360.
)
("C:\Program Files\MiKTeX 2.9\tex\latex\tools\afterpage.sty"
Package: afterpage 1995/10/27 v1.08 After-Page Package (DPC)
\AP@output=\toks38
\AP@partial=\box30
\AP@footins=\box31
)
(C:\Users\firefokz\home\Documents\grad_school\classes\advanced_data_mining\data
project\research_paper\briggsfallgrenrush.aux)
LaTeX Font Info:    Checking defaults for OML/cmm/m/it on input line 53.
LaTeX Font Info:    ... okay on input line 53.
LaTeX Font Info:    Checking defaults for T1/cmr/m/n on input line 53.
LaTeX Font Info:    ... okay on input line 53.
LaTeX Font Info:    Checking defaults for OT1/cmr/m/n on input line 53.
LaTeX Font Info:    ... okay on input line 53.
LaTeX Font Info:    Checking defaults for OMS/cmsy/m/n on input line 53.
LaTeX Font Info:    ... okay on input line 53.
LaTeX Font Info:    Checking defaults for OMX/cmex/m/n on input line 53.
LaTeX Font Info:    ... okay on input line 53.
LaTeX Font Info:    Checking defaults for U/cmr/m/n on input line 53.
LaTeX Font Info:    ... okay on input line 53.

("C:\Program Files\MiKTeX 2.9\tex\context\base\supp-pdf.mkii"
[Loading MPS to PDF converter (version 2006.09.02).]
\scratchcounter=\count110
\scratchdimen=\dimen125
\scratchbox=\box32
\nofMPsegments=\count111
\nofMParguments=\count112
\everyMPshowfont=\toks39
\MPscratchCnt=\count113
\MPscratchDim=\dimen126
\MPnumerator=\count114
\makeMPintoPDFobject=\count115
\everyMPtoPDFconversion=\toks40
)
LaTeX Font Info:    Try loading font information for U+msa on input line 114.
 ("C:\Program Files\MiKTeX 2.9\tex\latex\amsfonts\umsa.fd"
File: umsa.fd 2013/01/14 v3.01 AMS symbols A
)
LaTeX Font Info:    Try loading font information for U+msb on input line 114.

("C:\Program Files\MiKTeX 2.9\tex\latex\amsfonts\umsb.fd"
File: umsb.fd 2013/01/14 v3.01 AMS symbols B
)
LaTeX Font Info:    Try loading font information for U+lasy on input line 114.

("C:\Program Files\MiKTeX 2.9\tex\latex\base\ulasy.fd"
File: ulasy.fd 1998/08/17 v2.2e LaTeX symbol font definitions
) [1{C:/ProgramData/MiKTeX/2.9/pdftex/config/pdftex.map}


] [2]
(C:\Users\firefokz\home\Documents\grad_school\classes\advanced_data_mining\data
project\research_paper\briggsfallgrenrush.bbl [3]) [4

]
<./images/adultSampleD5Original.png, id=24, 2205.23875pt x 641.39626pt>
File: ./images/adultSampleD5Original.png Graphic file (type png)

<use ./images/adultSampleD5Original.png>
Package pdftex.def Info: ./images/adultSampleD5Original.png used on input line 
266.
(pdftex.def)             Requested size: 503.99757pt x 146.58827pt.

<./images/adultSampleD5New.png, id=26, 871.255pt x 641.39626pt>
File: ./images/adultSampleD5New.png Graphic file (type png)

<use ./images/adultSampleD5New.png>
Package pdftex.def Info: ./images/adultSampleD5New.png used on input line 272.
(pdftex.def)             Requested size: 386.50414pt x 284.53471pt.
 [5 <C:/Users/firefokz/home/Documents/grad_school/classes/advanced_data_mining/
dataproject/research_paper/images/adultSampleD5Original.png> <C:/Users/firefokz
/home/Documents/grad_school/classes/advanced_data_mining/dataproject/research_p
aper/images/adultSampleD5New.png>]
<./images/carD2Original.png, id=32, 1163.34625pt x 292.09125pt>
File: ./images/carD2Original.png Graphic file (type png)

<use ./images/carD2Original.png>
Package pdftex.def Info: ./images/carD2Original.png used on input line 280.
(pdftex.def)             Requested size: 504.01015pt x 126.5461pt.

<./images/carD2New.png, id=33, 1185.42876pt x 292.09125pt>
File: ./images/carD2New.png Graphic file (type png)

<use ./images/carD2New.png>
Package pdftex.def Info: ./images/carD2New.png used on input line 286.
(pdftex.def)             Requested size: 503.99048pt x 124.18393pt.
 [6 <C:/Users/firefokz/home/Documents/grad_school/classes/advanced_data_mining/
dataproject/research_paper/images/carD2Original.png> <C:/Users/firefokz/home/Do
cuments/grad_school/classes/advanced_data_mining/dataproject/research_paper/ima
ges/carD2New.png>]
<./images/irisD5Original.png, id=39, 1396.21625pt x 641.39626pt>
File: ./images/irisD5Original.png Graphic file (type png)

<use ./images/irisD5Original.png>
Package pdftex.def Info: ./images/irisD5Original.png used on input line 294.
(pdftex.def)             Requested size: 504.00096pt x 231.52884pt.

<./images/irisD5New.png, id=40, 697.60625pt x 524.96124pt>
File: ./images/irisD5New.png Graphic file (type png)

<use ./images/irisD5New.png>
Package pdftex.def Info: ./images/irisD5New.png used on input line 300.
(pdftex.def)             Requested size: 378.10684pt x 284.5322pt.
 [7 <C:/Users/firefokz/home/Documents/grad_school/classes/advanced_data_mining/
dataproject/research_paper/images/irisD5Original.png> <C:/Users/firefokz/home/D
ocuments/grad_school/classes/advanced_data_mining/dataproject/research_paper/im
ages/irisD5New.png>]
<./images/lungCancerD5Original.png, id=47, 805.0075pt x 641.39626pt>
File: ./images/lungCancerD5Original.png Graphic file (type png)

<use ./images/lungCancerD5Original.png>
Package pdftex.def Info: ./images/lungCancerD5Original.png used on input line 3
08.
(pdftex.def)             Requested size: 357.11557pt x 284.53471pt.

<./images/lungCancerD5New.png, id=48, 406.51875pt x 524.96124pt>
File: ./images/lungCancerD5New.png Graphic file (type png)

<use ./images/lungCancerD5New.png>
Package pdftex.def Info: ./images/lungCancerD5New.png used on input line 314.
(pdftex.def)             Requested size: 220.33563pt x 284.5322pt.

<./images/ticTacToeD2Original.png, id=49, 1452.42625pt x 292.09125pt>
File: ./images/ticTacToeD2Original.png Graphic file (type png)

<use ./images/ticTacToeD2Original.png>
Package pdftex.def Info: ./images/ticTacToeD2Original.png used on input line 32
2.
(pdftex.def)             Requested size: 503.99084pt x 101.35544pt.

<./images/ticTacToeD2New.png, id=50, 1449.415pt x 292.09125pt>
File: ./images/ticTacToeD2New.png Graphic file (type png)

<use ./images/ticTacToeD2New.png>
Package pdftex.def Info: ./images/ticTacToeD2New.png used on input line 328.
(pdftex.def)             Requested size: 503.98541pt x 101.56491pt.
 [8 <C:/Users/firefokz/home/Documents/grad_school/classes/advanced_data_mining/
dataproject/research_paper/images/lungCancerD5Original.png> <C:/Users/firefokz/
home/Documents/grad_school/classes/advanced_data_mining/dataproject/research_pa
per/images/lungCancerD5New.png>] [9 <C:/Users/firefokz/home/Documents/grad_scho
ol/classes/advanced_data_mining/dataproject/research_paper/images/ticTacToeD2Or
iginal.png> <C:/Users/firefokz/home/Documents/grad_school/classes/advanced_data
_mining/dataproject/research_paper/images/ticTacToeD2New.png>]
<./images/votingD3Original.png, id=61, 1944.26375pt x 408.52625pt>
File: ./images/votingD3Original.png Graphic file (type png)

<use ./images/votingD3Original.png>
Package pdftex.def Info: ./images/votingD3Original.png used on input line 336.
(pdftex.def)             Requested size: 503.98364pt x 105.89641pt.

<./images/votingD3New.png, id=62, 1934.22626pt x 408.52625pt>
File: ./images/votingD3New.png Graphic file (type png)

<use ./images/votingD3New.png>
Package pdftex.def Info: ./images/votingD3New.png used on input line 342.
(pdftex.def)             Requested size: 503.97899pt x 106.44496pt.
 [10 <C:/Users/firefokz/home/Documents/grad_school/classes/advanced_data_mining
/dataproject/research_paper/images/votingD3Original.png> <C:/Users/firefokz/hom
e/Documents/grad_school/classes/advanced_data_mining/dataproject/research_paper
/images/votingD3New.png>]
(C:\Users\firefokz\home\Documents\grad_school\classes\advanced_data_mining\data
project\research_paper\briggsfallgrenrush.aux) ) 
Here is how much of TeX's memory you used:
 3076 strings out of 493921
 38322 string characters out of 3147274
 120133 words of memory out of 3000000
 6305 multiletter control sequences out of 15000+200000
 47239 words of font info for 64 fonts, out of 3000000 for 9000
 841 hyphenation exceptions out of 8191
 41i,12n,35p,918b,249s stack positions out of 5000i,500n,10000p,200000b,50000s
{C:/Program Files/MiKTeX 2.9/fo
nts/enc/dvips/fontname/8r.enc}<C:/Program Files/MiKTeX 2.9/fonts/type1/public/a
msfonts/cm/cmbx9.pfb><C:/Program Files/MiKTeX 2.9/fonts/type1/public/amsfonts/c
m/cmmi9.pfb><C:/Program Files/MiKTeX 2.9/fonts/type1/public/amsfonts/cm/cmmib10
.pfb><C:/Program Files/MiKTeX 2.9/fonts/type1/public/amsfonts/cm/cmr9.pfb><C:/P
rogram Files/MiKTeX 2.9/fonts/type1/public/amsfonts/cm/cmsy9.pfb><C:/Program Fi
les/MiKTeX 2.9/fonts/type1/public/amsfonts/cm/cmti9.pfb><C:/Program Files/MiKTe
X 2.9/fonts/type1/urw/helvetic/uhvb8a.pfb><C:/Program Files/MiKTeX 2.9/fonts/ty
pe1/urw/helvetic/uhvr8a.pfb><C:/Program Files/MiKTeX 2.9/fonts/type1/urw/times/
utmb8a.pfb><C:/Program Files/MiKTeX 2.9/fonts/type1/urw/times/utmr8a.pfb>
Output written on briggsfallgrenrush.pdf (10 pages, 826624 bytes).
PDF statistics:
 101 PDF objects out of 1000 (max. 8388607)
 0 named destinations out of 1000 (max. 500000)
 61 words of extra memory for PDF output out of 10000 (max. 10000000)

